 running MAIL (MAIL)MAILER on job 13
Mon, 29-Jan-96 14:00:08 PST
Frame 15 user MAIL: (MAIL)MAILER 
%already running MAIL (MAIL)MAILER on job 15
Mon, 29-Jan-96 15:00:04 PST
Frame 15 user MAIL: (MAIL)MAILER 
%already running MAIL (MAIL)MAILER on job 15
Mon, 29-Jan-96 15:59:59 PST
Frame 13 user MAIL: (MAIL)MAILER 
%already running MAIL (MAIL)MAILER on job 13
Frame 15 user PERPOPER: (SYS)REDSAT 
Mon, 29-Jan-96 17:00:01 PST
Frame 13 user MAIL: (MAIL)MAILER 
%already running MAIL (MAIL)MAILER on job 13
Mon, 29-Jan-96 18:00:01 PST
Frame 13 user MAIL: (MAIL)MAILER 
%already running MAIL (MAIL)MAILER on job 13
Mon, 29-Jan-96 18:59:59 PST
Frame 10 user MAIL: (MAIL)MAILER 
%already running MAIL (MAIL)MAILER on job 10
Mon, 29-Jan-96 20:00:05 PST
Frame 11 user MAIL: (MAIL)MAILER 
%already running MAIL (MAIL)MAILER on job 11
Mon, 29-Jan-96 21:00:00 PST
Frame 11 user MAIL: (MAIL)MAILER 
%already running MAIL (MAIL)MAILER on job 11
Mon, 29-Jan-96 22:00:02 PST
Frame 10 user MAIL: (MAIL)MAILER 
%already running MAIL (MAIL)MAILER on job 10
Mon, 29-Jan-96 23:00:01 PST
Frame 10 user MAIL: (MAIL)MAILER 
%already running MAIL (MAIL)MAILER on job 10
Tue, 30-Jan-96  0:00:02 PST
Frame 10 user MAIL: (MAIL)MAILER 
%already running MAIL (MAIL)MAILER on job 10
Frame 11 user PERPOPER: (SYS)REDSAT 
Tue, 30-Jan-96  1:00:00 PST
Frame 13 user MAIL: (MAIL)MAILER 
%already running MAIL (MAIL)MAILER on job 13
Tue, 30-Jan-96  1:59:59 PST
Frame 13 user MAIL: (MAIL)MAILER 
%already running MAIL (MAIL)MAILER on job 13
Tue, 30-Jan-96  3:00:03 PST
Frame 13 user MAIL: (MAIL)MAILER 
%already running MAIL (MAIL)MAILER on job 13
Tue, 30-Jan-96  4:00:01 PST
Frame 8 user MAIL: (MAIL)MAILER 
%already running MAIL (MAIL)MAILER on job 8
Tue, 30-Jan-96  5:01:37 PST
Frame 7 user MAIL: (MAIL)MAILER 
%already running MAIL (MAIL)MAILER on job 7
Tue, 30-Jan-96  6:00:00 PST
Frame 7 user MAIL: (MAIL)MAILER 
%already running MAIL (MAIL)MAILER on job 7
Tue, 30-Jan-96  7:00:02 PST
Frame 7 user MAIL: (MAIL)MAILER 
%already running MAIL (MAIL)MAILER on job 7
Tue, 30-Jan-96  8:00:01 PST
Frame 15 user MAIL: (MAIL)MAILER 
%already running MAIL (MAIL)MAILER on job 15
Frame 16 user PERPOPER: (SYS)REDSAT 
Tue, 30-Jan-96  9:01:12 PST
Frame 9 user MAIL: (MAIL)MAILER 
%already running MAIL (MAIL)MAILER on job 9
Tue, 30-Jan-96 10:00:00 PST
Frame 7 user MAIL: (MAIL)MAILER 
%already running MAIL (MAIL)MAILER on job 7
Tue, 30-Jan-96 11:00:05 PST
Frame 7 user MAIL: (MAIL)MAILER 
%already running MAIL (MAIL)MAILER on job 7
Tue, 30-Jan-96 12:00:00 PST
Frame 7 user MAIL: (MAIL)MAILER 
%already running MAIL (MAIL)MAILER on job 7
Tue, 30-Jan-96 13:00:04 PST
Frame 9 user MAIL: (MAIL)MAILER 
%already running MAIL (MAIL)MAILER on job 9
Tue, 30-Jan-96 13:59:59 PST
Frame 13 user MAIL: (MAIL)MAILER 
%already running MAIL (MAIL)MAILER on job 13
Tue, 30-Jan-96 15:00:01 PST
Frame 11 user MAIL: (MAIL)MAILER 
%already running MAIL (MAIL)MAILER on job 11
Tue, 30-Jan-96 16:00:57 PST
Frame 11 user MAIL: (MAIL)MAILER 
%already running MAIL (MAIL)MAILER on job 11
Frame 13 user PERPOPER: (SYS)REDSAT 
Tue, 30-Jan-96 17:00:00 PST
Frame 11 user MAIL: (MAIL)MAILER 
%already running MAIL (MAIL)MAILER on job 11
Tue, 30-Jan-96 18:00:01 PST
Frame 11 user MAIL: (MAIL)MAILER 
%already running MAIL (MAIL)MAILER on job 11
Tue, 30-Jan-96 19:00:01 PST
Frame 11 user MAIL: (MAIL)MAILER 
%already running MAIL (MAIL)MAILER on job 11
Tue, 30-Jan-96 20:00:00 PST
Frame 11 user MAIL: (MAIL)MAILER 
%already running MAIL (MAIL)MAILER on job 11
Tue, 30-Jan-96 21:00:00 PST
Frame 11 user MAIL: (MAIL)MAILER 
%already running MAIL (MAIL)MAILER on job 11
Tue, 30-Jan-96 22:00:04 PST
Frame 11 user MAIL: (MAIL)MAILER 
%already running MAIL (MAIL)MAILER on job 11
Tue, 30-Jan-96 23:00:01 PST
Frame 11 user MAIL: (MAIL)MAILER 
%already running MAIL (MAIL)MAILER on job 11
Wed, 31-Jan-96  0:00:00 PST
Frame 7 user MAIL: (MAIL)MAILER 
%already running MAIL (MAIL)MAILER on job 7
Frame 11 user PERPOPER: (SYS)REDSAT 
Wed, 31-Jan-96  1:00:00 PST
Frame 11 user MAIL: (MAIL)MAILER 
%already running MAIL (MAIL)MAILER on job 11
Wed, 31-Jan-96  2:00:05 PST
Frame 7 user MAIL: (MAIL)MAILER 
%already running MAIL (MAIL)MAILER on job 7
Wed, 31-Jan-96  3:00:51 PST
Frame 11 user MAIL: (MAIL)MAILER 
%already running MAIL (MAIL)MAILER on job 11
Wed, 31-Jan-96  4:00:00 PST
Frame 7 user MAIL: (MAIL)MAILER 
%already running MAIL (MAIL)MAILER on job 7
Wed, 31-Jan-96  5:00:02 PST
Frame 7 user MAIL: (MAIL)MAILER 
%already running MAIL (MAIL)MAILER on job 7
Wed, 31-Jan-96  6:00:00 PST
Frame 7 user MAIL: (MAIL)MAILER 
%already running MAIL (MAIL)MAILER on job 7
Wed, 31-Jan-96  7:00:03 PST
Frame 7 user MAIL: (MAIL)MAILER 
%already running MAIL (MAIL)MAILER on job 7
Wed, 31-Jan-96  8:00:01 PST
Frame 7 user MAIL: (MAIL)MAILER 
%already running MAIL (MAIL)MAILER on job 7
Frame 11 user PERPOPER: (SYS)REDSAT 
Wed, 31-Jan-96  9:00:00 PST
Frame 7 user MAIL: (MAIL)MAILER 
%already running MAIL (MAIL)MAILER on job 7
Wed, 31-Jan-96 10:00:04 PST
Frame 7 user MAIL: (MAIL)MAILER 
%already running MAIL (MAIL)MAILER on job 7
Wed, 31-Jan-96 11:00:00 PST
Frame 7 user MAIL: (MAIL)MAILER 
%already running MAIL (MAIL)MAILER on job 7
Wed, 31-Jan-96 12:00:05 PST
Frame 7 user MAIL: (MAIL)MAILER 
%already running MAIL (MAIL)MAILER on job 7
Wed, 31-Jan-96 13:00:00 PST
Frame 11 user MAIL: (MAIL)MAILER 
%already running MAIL (MAIL)MAILER on job 11
Wed, 31-Jan-96 14:00:04 PST
Frame 11 user MAIL: (MAIL)MAILER 
%already running MAIL (MAIL)MAILER on job 11
Wed, 31-Jan-96 15:00:00 PST
Frame 11 user MAIL: (MAIL)MAILER 
%already running MAIL (MAIL)MAILER on job 11
Wed, 31-Jan-96 16:00:00 PST
Frame 11 user MAIL: (MAIL)MAILER 
%already running MAIL (MAIL)MAILER on job 11
Frame 15 user PERPOPER: (SYS)REDSAT 
Wed, 31-Jan-96 17:00:02 PST
Frame 9 user MAIL: (MAIL)MAILER 
%already running MAIL (MAIL)MAILER on job 9
Wed, 31-Jan-96 18:01:36 PST
Frame 9 user MAIL: (MAIL)MAILER 
%already running MAIL (MAIL)MAILER on job 9
Wed, 31-Jan-96 19:00:00 PST
Frame 8 user MAIL: (MAIL)MAILER 
%already running MAIL (MAIL)MAILER on job 8
Wed, 31-Jan-96 20:00:00 PST
Frame 8 user MAIL: (MAIL)MAILER 
%already running MAIL (MAIL)MAILER on job 8
Wed, 31-Jan-96 21:00:00 PST
Frame 8 user MAIL: (MAIL)MAILER 
%already running MAIL (MAIL)MAILER on job 8
Wed, 31-Jan-96 22:00:00 PST
Frame 8 user MAIL: (MAIL)MAILER 
%already running MAIL (MAIL)MAILER on job 8
Wed, 31-Jan-96 23:00:00 PST
Frame 8 user MAIL: (MAIL)MAILER 
%already running MAIL (MAIL)MAILER on job 8
Thu,  1-Feb-96  0:00:00 PST
Frame 8 user MAIL: (MAIL)MAILER 
%already running MAIL (MAIL)MAILER on job 8
Frame 11 user PERPOPER: (SYS)REDSAT 
Thu,  1-Feb-96  1:00:14 PST
Frame 9 user MAIL: (MAIL)MAILER 
%already running MAIL (MAIL)MAILER on job 9
Thu,  1-Feb-96  2:00:00 PST
Frame 8 user MAIL: (MAIL)MAILER 
%already running MAIL (MAIL)MAILER on job 8
Thu,  1-Feb-96  3:00:00 PST
Frame 8 user MAIL: (MAIL)MAILER 
%already running MAIL (MAIL)MAILER on job 8
Thu,  1-Feb-96  4:00:00 PST
Frame 11 user MAIL: (MAIL)MAILER 
%already running MAIL (MAIL)MAILER on job 11
Thu,  1-Feb-96  5:00:00 PST
Frame 11 user MAIL: (MAIL)MAILER 
%already running MAIL (MAIL)MAILER on job 11
Thu,  1-Feb-96  6:00:06 PST
Frame 11 user MAIL: (MAIL)MAILER 
%already running MAIL (MAIL)MAILER on job 11
Thu,  1-Feb-96  7:00:00 PST
Frame 15 user MAIL: (MAIL)MAILER 
%already running MAIL (MAIL)MAILER on job 15
Thu,  1-Feb-96  8:00:00 PST
Frame 13 user MAIL: (MAIL)MAILER 
%already running MAIL (MAIL)MAILER on job 13
Frame 15 user PERPOPER: (SYS)REDSAT 
Thu,  1-Feb-96  9:00:00 PST
Frame 13 user MAIL: (MAIL)MAILER 
%already running MAIL (MAIL)MAILER on job 13
Thu,  1-Feb-96 10:00:01 PST
Frame 13 user MAIL: (MAIL)MAILER 
%already running MAIL (MAIL)MAILER on job 13
Thu,  1-Feb-96 11:00:00 PST
Frame 13 user MAIL: (MAIL)MAILER 
%already running MAIL (MAIL)MAILER on job 13
Thu,  1-Feb-96 12:00:00 PST
Frame 13 user MAIL: (MAIL)MAILER 
%already running MAIL (MAIL)MAILER on job 13
Thu,  1-Feb-96 13:00:02 PST
Frame 13 user MAIL: (MAIL)MAILER 
%already running MAIL (MAIL)MAILER on job 13
Thu,  1-Feb-96 14:00:01 PST
Frame 13 user MAIL: (MAIL)MAILER 
%already running MAIL (MAIL)MAILER on job 13
Thu,  1-Feb-96 15:00:01 PST
Frame 7 user MAIL: (MAIL)MAILER 
%already running MAIL (MAIL)MAILER on job 7
Thu,  1-Feb-96 16:00:01 PST
Frame 7 user MAIL: (MAIL)MAILER 
%already running MAIL (MAIL)MAILER on job 7
Frame 13 user PERPOPER: (SYS)REDSAT 
Thu,  1-Feb-96 16:59:59 PST
Frame 7 user MAIL: (MAIL)MAILER 
%already running MAIL (MAIL)MAILER on job 7
Thu,  1-Feb-96 18:02:53 PST
Frame 7 user MAIL: (MAIL)MAILER 
%already running MAIL (MAIL)MAILER on job 7
Thu,  1-Feb-96 19:00:05 PST
Frame 9 user MAIL: (MAIL)MAILER 
%already running MAIL (MAIL)MAILER on job 9
Thu,  1-Feb-96 19:59:59 PST
Frame 9 user MAIL: (MAIL)MAILER 
%already running MAIL (MAIL)MAILER on job 9
Thu,  1-Feb-96 21:00:02 PST
Frame 9 user MAIL: (MAIL)MAILER 
%already running MAIL (MAIL)MAILER on job 9
Thu,  1-Feb-96 21:59:59 PST
Frame 9 user MAIL: (MAIL)MAILER 
%already running MAIL (MAIL)MAILER on job 9
Thu,  1-Feb-96 23:00:08 PST
Frame 9 user MAIL: (MAIL)MAILER 
%already running MAIL (MAIL)MAILER on job 9
Fri,  2-Feb-96  0:00:02 PST
Frame 9 user MAIL: (MAIL)MAILER 
%already running MAIL (MAIL)MAILER on job 9
Frame 15 user PERPOPER: (SYS)REDSAT 
Fri,  2-Feb-96  1:00:00 PST
Frame 10 user MAIL: (MAIL)MAILER 
%already running MAIL (MAIL)MAILER on job 10
Fri,  2-Feb-96  2:01:55 PST
Frame 8 user MAIL: (MAIL)MAILER 
%already running MAIL (MAIL)MAILER on job 8
Fri,  2-Feb-96  3:00:00 PST
Frame 8 user MAIL: (MAIL)MAILER 
%already running MAIL (MAIL)MAILER on job 8
Fri,  2-Feb-96  4:00:01 PST
Frame 8 user MAIL: (MAIL)MAILER 
%already running MAIL (MAIL)MAILER on job 8
Fri,  2-Feb-96  5:00:01 PST
Frame 7 user MAIL: (MAIL)MAILER 
%already running MAIL (MAIL)MAILER on job 7
Fri,  2-Feb-96  6:00:00 PST
Frame 7 user MAIL: (MAIL)MAILER 
%already running MAIL (MAIL)MAILER on job 7
Fri,  2-Feb-96  7:00:05 PST
Frame 7 user MAIL: (MAIL)MAILER 
%already running MAIL (MAIL)MAILER on job 7
Fri,  2-Feb-96  8:00:01 PST
Frame 7 user MAIL: (MAIL)MAILER 
%already running MAIL (MAIL)MAILER on job 7
Frame 8 user PERPOPER: (SYS)REDSAT 
Fri,  2-Feb-96  9:00:05 PST
Frame 7 user MAIL: (MAIL)MAILER 
%already running MAIL (MAIL)MAILER on job 7
Fri,  2-Feb-96 10:00:00 PST
Frame 7 user MAIL: (MAIL)MAILER 
%already running MAIL (MAIL)MAILER on job 7
Fri,  2-Feb-96 11:00:06 PST
Frame 7 user MAIL: (MAIL)MAILER 
%already running MAIL (MAIL)MAILER on job 7
Fri,  2-Feb-96 12:00:00 PST
Frame 7 user MAIL: (MAIL)MAILER 
%already running MAIL (MAIL)MAILER on job 7
Fri,  2-Feb-96 13:00:06 PST
Frame 7 user MAIL: (MAIL)MAILER 
%already running MAIL (MAIL)MAILER on job 7
Fri,  2-Feb-96 14:00:00 PST
Frame 7 user MAIL: (MAIL)MAILER 
%already running MAIL (MAIL)MAILER on job 7
Fri,  2-Feb-96 15:00:06 PST
Frame 7 user MAIL: (MAIL)MAILER 
%already running MAIL (MAIL)MAILER on job 7
Fri,  2-Feb-96 16:00:00 PST
Frame 7 user MAIL: (MAIL)MAILER 
%already running MAIL (MAIL)MAILER on job 7
Frame 8 user PERPOPER: (SYS)REDSAT 
Fri,  2-Feb-96 17:01:36 PST
Frame 10 user MAIL: (MAIL)MAILER 
%already running MAIL (MAIL)MAILER on job 10
Fri,  2-Feb-96 18:00:00 PST
Frame 8 user MAIL: (MAIL)MAILER 
%already running MAIL (MAIL)MAILER on job 8
Fri,  2-Feb-96 19:00:00 PST
Frame 8 user MAIL: (MAIL)MAILER 
%already running MAIL (MAIL)MAILER on job 8
Fri,  2-Feb-96 20:00:00 PST
Frame 8 user MAIL: (MAIL)MAILER 
%already running MAIL (MAIL)MAILER on job 8
Fri,  2-Feb-96 21:00:00 PST
Frame 7 user MAIL: (MAIL)MAILER 
%already running MAIL (MAIL)MAILER on job 7
Fri,  2-Feb-96 22:00:00 PST
Frame 7 user MAIL: (MAIL)MAILER 
%already running MAIL (MAIL)MAILER on job 7
Fri,  2-Feb-96 23:00:00 PST
Frame 7 user MAIL: (MAIL)MAILER 
%already running MAIL (MAIL)MAILER on job 7
Sat,  3-Feb-96  0:00:00 PST
Frame 7 user MAIL: (MAIL)MAILER 
%already running MAIL (MAIL)MAILER on job 7
Frame 8 user PERPOPER: (SYS)REDSAT 
Sat,  3-Feb-96  1:00:00 PST
Frame 9 user MAIL: (MAIL)MAILER 
%already running MAIL (MAIL)MAILER on job 9
Sat,  3-Feb-96  2:00:00 PST
Frame 7 user MAIL: (MAIL)MAILER 
%already running MAIL (MAIL)MAILER on job 7
Sat,  3-Feb-96  3:00:00 PST
Frame 7 user MAIL: (MAIL)MAILER 
%already running MAIL (MAIL)MAILER on job 7
Sat,  3-Feb-96  4:00:00 PST
Frame 7 user MAIL: (MAIL)MAILER 
%already running MAIL (MAIL)MAILER on job 7
Sat,  3-Feb-96  5:00:00 PST
Frame 7 user MAIL: (MAIL)MAILER 
%already running MAIL (MAIL)MAILER on job 7
Sat,  3-Feb-96  6:00:00 PST
Frame 7 user MAIL: (MAIL)MAILER 
%already running MAIL (MAIL)MAILER on job 7
Sat,  3-Feb-96  7:00:00 PST
Frame 7 user MAIL: (MAIL)MAILER 
%already running MAIL (MAIL)MAILER on job 7
Sat,  3-Feb-96  8:00:00 PST
Frame 7 user MAIL: (MAIL)MAILER 
%already running MAIL (MAIL)MAILER on job 7
Frame 8 user PERPOPER: (SYS)REDSAT 
Sat,  3-Feb-96  9:00:00 PST
Frame 7 user MAIL: (MAIL)MAILER 
%already running MAIL (MAIL)MAILER on job 7
Sat,  3-Feb-96 10:00:00 PST
Frame 7 user MAIL: (MAIL)MAILER 
%already running MAIL (MAIL)MAILER on job 7
Sat,  3-Feb-96 11:00:00 PST
Frame 7 user MAIL: (MAIL)MAILER 
%already running MAIL (MAIL)MAILER on job 7
Sat,  3-Feb-96 12:00:00 PST
Frame 7 user MAIL: (MAIL)MAILER 
%already running MAIL (MAIL)MAILER on job 7
Sat,  3-Feb-96 13:00:00 PST
Frame 7 user MAIL: (MAIL)MAILER 
%already running MAIL (MAIL)MAILER on job 7
Sat,  3-Feb-96 14:00:00 PST
Frame 7 user MAIL: (MAIL)MAILER 
%already running MAIL (MAIL)MAILER on job 7
Sat,  3-Feb-96 15:00:00 PST
Frame 7 user MAIL: (MAIL)MAILER 
%already running MAIL (MAIL)MAILER on job 7
Sat,  3-Feb-96 16:00:00 PST
Frame 7 user MAIL: (MAIL)MAILER 
%already running MAIL (MAIL)MAILER on job 7
Frame 8 user PERPOPER: (SYS)REDSAT 
Sat,  3-Feb-96 17:00:00 PST
Frame 7 user MAIL: (MAIL)MAILER 
%already running MAIL (MAIL)MAILER on job 7
Sat,  3-Feb-96 18:00:00 PST
Frame 7 user MAIL: (MAIL)MAILER 
%already running MAIL (MAIL)MAILER on job 7
Sat,  3-Feb-96 19:00:00 PST
Frame 7 user MAIL: (MAIL)MAILER 
%already running MAIL (MAIL)MAILER on job 7
Sat,  3-Feb-96 20:00:00 PST
Frame 7 user MAIL: (MAIL)MAILER 
%already running MAIL (MAIL)MAILER on job 7
Sat,  3-Feb-96 21:00:00 PST
Frame 7 user MAIL: (MAIL)MAILER 
%already running MAIL (MAIL)MAILER on job 7
Sat,  3-Feb-96 22:00:00 PST
Frame 7 user MAIL: (MAIL)MAILER 
%already running MAIL (MAIL)MAILER on job 7
Sat,  3-Feb-96 23:00:00 PST
Frame 7 user MAIL: (MAIL)MAILER 
%already running MAIL (MAIL)MAILER on job 7
Sun,  4-Feb-96  0:00:00 PST
Frame 7 user MAIL: (MAIL)MAILER 
%already running MAIL (MAIL)MAILER on job 7
Frame 8 user PERPOPER: (SYS)REDSAT 
Sun,  4-Feb-96  1:00:00 PST
Frame 9 user MAIL: (MAIL)MAILER 
%already running MAIL (MAIL)MAILER on job 9
Sun,  4-Feb-96  2:00:00 PST
Frame 7 user MAIL: (MAIL)MAILER 
%already running MAIL (MAIL)MAILER on job 7
Sun,  4-Feb-96  3:00:00 PST
Frame 7 user MAIL: (MAIL)MAILER 
%already running MAIL (MAIL)MAILER on job 7
Sun,  4-Feb-96  4:00:00 PST
Frame 7 user MAIL: (MAIL)MAILER 
%already running MAIL (MAIL)MAILER on job 7
Sun,  4-Feb-96  5:00:00 PST
Frame 7 user MAIL: (MAIL)MAILER 
%already running MAIL (MAIL)MAILER on job 7
Sun,  4-Feb-96  6:00:00 PST
Frame 7 user MAIL: (MAIL)MAILER 
%already running MAIL (MAIL)MAILER on job 7
Sun,  4-Feb-96  7:00:00 PST
Frame 7 user MAIL: (MAIL)MAILER 
%already running MAIL (MAIL)MAILER on job 7
Sun,  4-Feb-96  8:00:00 PST
Frame 7 user MAIL: (MAIL)MAILER 
%already running MAIL (MAIL)MAILER on job 7
Frame 8 user PERPOPER: (SYS)REDSAT 
Sun,  4-Feb-96  9:00:00 PST
Frame 7 user MAIL: (MAIL)MAILER 
%already running MAIL (MAIL)MAILER on job 7
Sun,  4-Feb-96 10:00:00 PST
Frame 7 user MAIL: (MAIL)MAILER 
%already running MAIL (MAIL)MAILER on job 7
Sun,  4-Feb-96 11:00:00 PST
Frame 7 user MAIL: (MAIL)MAILER 
%already running MAIL (MAIL)MAILER on job 7
Sun,  4-Feb-96 12:00:00 PST
Frame 7 user MAIL: (MAIL)MAILER 
%already running MAIL (MAIL)MAILER on job 7
Sun,  4-Feb-96 13:00:00 PST
Frame 7 user MAIL: (MAIL)MAILER 
%already running MAIL (MAIL)MAILER on job 7
Sun,  4-Feb-96 14:00:00 PST
Frame 7 user MAIL: (MAIL)MAILER 
%already running MAIL (MAIL)MAILER on job 7
Sun,  4-Feb-96 15:00:00 PST
Frame 7 user MAIL: (MAIL)MAILER 
%already running MAIL (MAIL)MAILER on job 7
Sun,  4-Feb-96 16:00:00 PST
Frame 7 user MAIL: (MAIL)MAILER 
%already running MAIL (MAIL)MAILER on job 7
Frame 8 user PERPOPER: (SYS)REDSAT 
Sun,  4-Feb-96 16:59:55 PST
Frame 5 user PERPOPER: LOGOUT status 4,1 exit
Sun,  4-Feb-96 16:59:56 PST notice to quit
Sun,  4-Feb-96 17:48:53 PST system startup
Frame 1 user PJ: (PJ)PAM 
Frame 5 user PERPOPER: (SYS)SYSLOG 
Frame 7 user MAIL: (MAIL)MAILER 
%already running MAIL (MAIL)MAILER on job 7
Sun,  4-Feb-96 17:59:59 PST
Frame 9 user MAIL: (MAIL)MAILER 
%already running MAIL (MAIL)MAILER on job 9
Sun,  4-Feb-96 18:59:59 PST
Frame 8 user MAIL: (MAIL)MAILER 
%already running MAIL (MAIL)MAILER on job 8
Sun,  4-Feb-96 19:59:59 PST
Frame 8 user MAIL: (MAIL)MAILER 
%already running MAIL (MAIL)MAILER on job 8
Sun,  4-Feb-96 20:59:59 PST
Frame 8 user MAIL: (MAIL)MAILER 
%already running MAIL (MAIL)MAILER on job 8
Sun,  4-Feb-96 21:59:59 PST
Frame 8 user MAIL: (MAIL)MAILER 
%already running MAIL (MAIL)MAILER on job 8
Sun,  4-Feb-96 23:00:09 PST
Frame 8 user MAIL: (MAIL)MAILER 
%already running MAIL (MAIL)MAILER on job 8
Sun,  4-Feb-96 23:59:59 PST
Frame 8 user MAIL: (MAIL)MAILER 
%already running MAIL (MAIL)MAILER on job 8
Frame 11 user PERPOPER: (SYS)REDSAT 
Mon,  5-Feb-96  0:59:59 PST
Frame 9 user MAIL: (MAIL)MAILER 
%already running MAIL (MAIL)MAILER on job 9
Mon,  5-Feb-96  1:59:59 PST
Frame 8 user MAIL: (MAIL)MAILER 
%already running MAIL (MAIL)MAILER on job 8
Mon,  5-Feb-96  2:59:59 PST
Frame 8 user MAIL: (MAIL)MAILER 
%already running MAIL (MAIL)MAILER on job 8
Mon,  5-Feb-96  4:00:00 PST
Frame 7 user MAIL: (MAIL)MAILER 
%already running MAIL (MAIL)MAILER on job 7
Mon,  5-Feb-96  5:00:00 PST
Frame 7 user MAIL: (MAIL)MAILER 
%already running MAIL (MAIL)MAILER on job 7
Mon,  5-Feb-900:00 PST
Frame 8 user MAIL: (MAIL)MAILER 
%already running MAIL (MAIL)MAILER on job 8
Mon,  5-Feb-96  6:59:59 PST
Frame 7 user MAIL: (MAIL)MAILER 
%already running MAIL (MAIL)MAILER on job 7
Mon,  5-Feb-96  7:59:59 PST
Frame 7 user MAIL: (MAIL)MAILER 
%already running MAIL (MAIL)MAILER on job 7
Frame 8 user PERPOPER: (SYS)REDSAT 
Mon,  5-Feb-96  8:59:59 PST
Frame 7 user MAIL: (MAIL)MAILER 
%already running MAIL (MAIL)MAILER on job 7
Mon,  5-Feb-96  9:59:59 PST
Frame 7 user MAIL: (MAIL)MAILER 
%already running MAIL (MAIL)MAILER on job 7
Mon,  5-Feb-96 10:59:59 PST
Frame 7 user MAIL: (MAIL)MAILER 
%already running MAIL (MAIL)MAILER on job 7
Mon,  5-Feb-96 11:59:59 PST
Frame 7 user MAIL: (MAIL)MAILER 
%already running MAIL (MAIL)MAILER on job 7
Mon,  5-Feb-96 12:59:59 PST
Frame 7 user MAIL: (MAIL)MAILER 
%already running MAIL (MAIL)MAILER on job 7
Mon,  5-Feb-96 13:59:59 PST
Frame 7 user MAIL: (MAIL)MAILER 
%already running MAIL (MAIL)MAILER on job 7
Mon,  5-Feb-96 14:59:59 PST
Frame 7 user MAIL: (MAIL)MAILER 
%already running MAIL (MAIL)MAILER on job 7
Mon,  5-Feb-96 15:59:59 PST
Frame 7 user MAIL: (MAIL)MAILER 
%already running MAIL (MAIL)MAILER on job 7
Frame 8 user PERPOPER: (SYS)REDSAT 
Mon,  5-Feb-96 16:59:59 PST
Frame 7 user MAIL: (MAIL)MAILER 
%already running MAIL (MAIL)MAILER on job 7
Mon,  5-Feb-96 17:59:59 PST
Frame 7 user MAIL: (MAIL)MAILER 
%already running MAIL (MAIL)MAILER on job 7
Mon,  5-Feb-96 18:59:59 PST
Frame 7 user MAIL: (MAIL)MAILER 
%already running MAIL (MAIL)MAILER on job 7
Mon,  5-Feb-96 19:59:59 PST
Frame 7 user MAIL: (MAIL)MAILER 
%already running MAIL (MAIL)MAILER on job 7
Mon,  5-Feb-96 20:59:59 PST
Frame 7 user MAIL: (MAIL)MAILER 
%already running MAIL (MAIL)MAILER on job 7
Mon,  5-Feb-96 21:59:59 PST
Frame 7 user MAIL: (MAIL)MAILER 
%already running MAIL (MAIL)MAILER on job 7
Mon,  5-Feb-96 22:59:59 PST
Frame 7 user MAIL: (MAIL)MAILER 
%already running MAIL (MAIL)MAILER on job 7
Tue,  6-Feb-96  0:00:31 PST system startup
Frame 1 user PJ: (PJ)PAM 
Frame 5 user PERPOPER: (SYS)SYSLOG 
Frame 7 user MAIL: (MAIL)MAILER 
%already running MAIL (MAIL)MAILER on job 7
Frame 8 user PERPOPER: (SYS)REDSAT 
Tue,  6-Feb-96  1:21:40 PST system startup
Frame 1 user PJ: (PJ)PAM 
Frame 5 user PERPOPER: (SYS)SYSLOG 
Frame 7 user MAIL: (MAIL)MAILER 
%already running MAIL (MAIL)MAILER on job 7
Tue,  6-Feb-96  2:00:00 PST
Frame 7 user MAIL: (MAIL)MAILER 
%already running MAIL (MAIL)MAILER on job 7
Tue,  6-Feb-96  3:00:00 PST
Frame 7 user MAIL: (MAIL)MAILER 
%already running MAIL (MAIL)MAILER on job 7
Tue,  6-Feb-96  7:25:32 PST system startup
Frame 1 user PJ: (PJ)PAM 
Frame 5 user PERPOPER: (SYS)SYSLOG 
Frame 7 user MAIL: (MAIL)MAILER 
%already running MAIL (MAIL)MAILER on job 7
Tue,  6-Feb-96  8:00:00 PST
Frame 7 user MAIL: (MAIL)MAILER 
%already running MAIL (MAIL)MAILER on job 7
Frame 9 user PERPOPER: (SYS)REDSAT 
Tue,  6-Feb-96  9:00:00 PST
Frame 7 user MAIL: (MAIL)MAILER 
%already running MAIL (MAIL)MAILER on job 7
Tue,  6-Feb-96 10:00:00 PST
Frame 7 user MAIL: (MAIL)MAILER 
%already running MAIL (MAIL)MAILER on job 7
Tue,  6-Feb-96 11:00:00 PST
Frame 7 user MAIL: (MAIL)MAILER 
%already running MAIL (MAIL)MAILER on job 7
Tue,  6-Feb-96 12:00:00 PST
Frame 7 user MAIL: (MAIL)MAILER 
%already running MAIL (MAIL)MAILER on job 7
Tue,  6-Feb-96 13:00:00 PST
Frame 7 user MAIL: (MAIL)MAILER 
%already running MAIL (MAIL)MAILER on job 7
Tue,  6-Feb-96 14:00:00 PST
Frame 7 user MAIL: (MAIL)MAILER 
%already running MAIL (MAIL)MAILER on job 7
Tue,  6-Feb-96 15:00:00 PST
Frame 7 user MAIL: (MAIL)MAILER 
%already running MAIL (MAIL)MAILER on job 7
Tue,  6-Feb-96 16:00:00 PST
Frame 7 user MAIL: (MAIL)MAILER 
%already running MAIL (MAIL)MAILER on job 7
Frame 9 user PERPOPER: (SYS)REDSAT 
Tue,  6-Feb-96 17:00:00 PST
Frame 7 user MAIL: (MAIL)MAILER 
%already running MAIL (MAIL)MAILER on job 7
Tue,  6-Feb-96 18:00:00 PST
Frame 7 user MAIL: (MAIL)MAILER 
%already running MAIL (MAIL)MAILER on job 7
Tue,  6-Feb-96 18:11:22 PST system startup
Frame 1 user PJ: (PJ)PAM 
Frame 5 user PERPOPER: (SYS)SYSLOG 
Frame 7 user MAIL: (MAIL)MAILER 
%already running MAIL (MAIL)MAILER on job 7
Tue,  6-Feb-96 19:00:00 PST
Frame 9 user MAIL: (MAIL)MAILER 
%already running MAIL (MAIL)MAILER on job 9
Tue,  6-Feb-96 20:00:00 PST
Frame 8 user MAIL: (MAIL)MAILER 
%already running MAIL (MAIL)MAILER on job 8
Tue,  6-Feb-96 21:00:00 PST
Frame 8 user MAIL: (MAIL)MAILER 
%already running MAIL (MAIL)MAILER on job 8
Tue,  6-Feb-96 22:00:00 PST
Frame 8 user MAIL: (MAIL)MAILER 
%already running MAIL (MAIL)MAILER on job 8
Tue,  6-Feb-96 23:00:07 PST
Frame 8 user MAIL: (MAIL)MAILER 
%already running MAIL (MAIL)MAILER on job 8
Tue, 13-Feb-96 14:45:15 PST system startup
Frame 1 user PJ: (PJ)PAM 
Frame 5 user PERPOPER: (SYS)SYSLOG 
Frame 7 user MAIL: (MAIL)MAILER 
%already running MAIL (MAIL)MAILER on job 7
Tue, 13-Feb-96 15:00:00 PST
Frame 7 user MAIL: (MAIL)MAILER 
%already running MAIL (MAIL)MAILER on job 7
  O:6q